<?xml version="1.0" encoding="UTF-8"?>
<md:EntityDescriptor xmlns:md="urn:oasis:names:tc:SAML:2.0:metadata" xmlns:mdrpi="urn:oasis:names:tc:SAML:metadata:rpi" xmlns:alg="urn:oasis:names:tc:SAML:metadata:algsupport" xmlns:mdattr="urn:oasis:names:tc:SAML:metadata:attribute" xmlns:samla="urn:oasis:names:tc:SAML:2.0:assertion" xmlns:mdui="urn:oasis:names:tc:SAML:metadata:ui" xmlns:init="urn:oasis:names:tc:SAML:profiles:SSO:request-init" xmlns:idpdisc="urn:oasis:names:tc:SAML:profiles:SSO:idp-discovery-protocol" xmlns:ds="http://www.w3.org/2000/09/xmldsig#" xmlns:remd="http://refeds.org/metadata" entityID="https://test-edusign.ed-integrations.com/shibboleth">
  <md:Extensions>
    <alg:DigestMethod Algorithm="http://www.w3.org/2001/04/xmlenc#sha512"/>
    <alg:DigestMethod Algorithm="http://www.w3.org/2001/04/xmldsig-more#sha384"/>
    <alg:DigestMethod Algorithm="http://www.w3.org/2001/04/xmlenc#sha256"/>
    <alg:DigestMethod Algorithm="http://www.w3.org/2001/04/xmldsig-more#sha224"/>
    <alg:DigestMethod Algorithm="http://www.w3.org/2000/09/xmldsig#sha1"/>
    <alg:SigningMethod Algorithm="http://www.w3.org/2001/04/xmldsig-more#ecdsa-sha512"/>
    <alg:SigningMethod Algorithm="http://www.w3.org/2001/04/xmldsig-more#ecdsa-sha384"/>
    <alg:SigningMethod Algorithm="http://www.w3.org/2001/04/xmldsig-more#ecdsa-sha256"/>
    <alg:SigningMethod Algorithm="http://www.w3.org/2001/04/xmldsig-more#ecdsa-sha224"/>
    <alg:SigningMethod Algorithm="http://www.w3.org/2001/04/xmldsig-more#rsa-sha512"/>
    <alg:SigningMethod Algorithm="http://www.w3.org/2001/04/xmldsig-more#rsa-sha384"/>
    <alg:SigningMethod Algorithm="http://www.w3.org/2001/04/xmldsig-more#rsa-sha256"/>
    <alg:SigningMethod Algorithm="http://www.w3.org/2009/xmldsig11#dsa-sha256"/>
    <alg:SigningMethod Algorithm="http://www.w3.org/2001/04/xmldsig-more#ecdsa-sha1"/>
    <alg:SigningMethod Algorithm="http://www.w3.org/2000/09/xmldsig#rsa-sha1"/>
    <alg:SigningMethod Algorithm="http://www.w3.org/2000/09/xmldsig#dsa-sha1"/>
    <mdattr:EntityAttributes>
      <samla:Attribute NameFormat="urn:oasis:names:tc:SAML:2.0:attrname-format:uri" Name="http://macedir.org/entity-category">
        <samla:AttributeValue>http://www.geant.net/uri/dataprotection-code-of-conduct/v1</samla:AttributeValue>
      </samla:Attribute>
    </mdattr:EntityAttributes>
  </md:Extensions>
  <md:SPSSODescriptor protocolSupportEnumeration="urn:oasis:names:tc:SAML:2.0:protocol">
    <md:Extensions>
      <mdui:UIInfo>
        <mdui:DisplayName xml:lang="sv">eduSign (Emergya)</mdui:DisplayName>
        <mdui:DisplayName xml:lang="en">eduSign (Emergya)</mdui:DisplayName>
        <mdui:Description xml:lang="sv">Testplats för eduSign (Emergya).</mdui:Description>
        <mdui:Description xml:lang="en">Test site for eduSign (Emergya).</mdui:Description>
        <mdui:InformationURL xml:lang="en">https://www.sunet.se/services/sakerhet/edusign/</mdui:InformationURL>
        <mdui:InformationURL xml:lang="sv">https://www.sunet.se/services/sakerhet/edusign/</mdui:InformationURL>
        <mdui:PrivacyStatementURL xml:lang="sv">https://wiki.sunet.se/display/info/eduSign+Privacy+Policy?showLanguage=sv_SE</mdui:PrivacyStatementURL>
        <mdui:PrivacyStatementURL xml:lang="en">https://wiki.sunet.se/display/info/eduSign+Privacy+Policy?showLanguage=en_GB</mdui:PrivacyStatementURL>
      </mdui:UIInfo>
      <init:RequestInitiator Binding="urn:oasis:names:tc:SAML:profiles:SSO:request-init" Location="https://test-edusign.ed-integrations.com/Shibboleth.sso/Login"/>
      <idpdisc:DiscoveryResponse Binding="urn:oasis:names:tc:SAML:profiles:SSO:idp-discovery-protocol" Location="https://test-edusign.ed-integrations.com/Shibboleth.sso/Login" index="1"/>
    </md:Extensions>

    <md:AttributeConsumingService index="1">
      <md:ServiceName xml:lang="sv">eduSign (Emergya)</md:ServiceName>
      <md:ServiceName xml:lang="en">eduSign (Emergya)</md:ServiceName>
      <md:RequestedAttribute isRequired="true"
          NameFormat="urn:oasis:names:tc:SAML:2.0:attrname-format:uri"
          Name="urn:oid:1.3.6.1.4.1.5923.1.1.1.6"
          FriendlyName="eduPersonPrincipalName"/>
      <md:RequestedAttribute isRequired="true"
          NameFormat="urn:oasis:names:tc:SAML:2.0:attrname-format:uri"
          Name="urn:oid:2.16.840.1.113730.3.1.241"
          FriendlyName="displayName"/>
      <md:RequestedAttribute isRequired="true"
          NameFormat="urn:oasis:names:tc:SAML:2.0:attrname-format:uri"
          Name="urn:oid:2.5.4.42"
          FriendlyName="givenName"/>
      <md:RequestedAttribute isRequired="true"
          NameFormat="urn:oasis:names:tc:SAML:2.0:attrname-format:uri"
          Name="urn:oid:2.5.4.4"
          FriendlyName="sn"/>
      <md:RequestedAttribute isRequired="true"
          NameFormat="urn:oasis:names:tc:SAML:2.0:attrname-format:uri"
          Name="urn:oid:0.9.2342.19200300.100.1.3"
          FriendlyName="mail"/>
      <md:RequestedAttribute
          NameFormat="urn:oasis:names:tc:SAML:2.0:attrname-format:uri"
          Name="urn:oid:2.16.840.1.113730.3.1.13"
          FriendlyName="mailLocalAddress"/>
    </md:AttributeConsumingService>
    <md:KeyDescriptor use="signing">
      <ds:KeyInfo>
        <ds:KeyName>test-edusign.ed-integrations.com</ds:KeyName>
        <ds:X509Data>
          <ds:X509SubjectName>CN=test-edusign.ed-integrations.com</ds:X509SubjectName>
          <ds:X509Certificate>MIIEMjCCApqgAwIBAgIULYfaz0a2vQPUNhHOpqJiw+XMn6owDQYJKoZIhvcNAQEL
BQAwKzEpMCcGA1UEAxMgdGVzdC1lZHVzaWduLmVkLWludGVncmF0aW9ucy5jb20w
HhcNMjEwNjE4MDkyMzM0WhcNMzEwNjE2MDkyMzM0WjArMSkwJwYDVQQDEyB0ZXN0
LWVkdXNpZ24uZWQtaW50ZWdyYXRpb25zLmNvbTCCAaIwDQYJKoZIhvcNAQEBBQAD
ggGPADCCAYoCggGBAOcHd/seqF7Ki8bqzJSahdUETdIacXidbu9PA6kEUJ4d1IDt
3jJCzmW8x0+T7n1RA5a2JAmbn9HOPoi3HgKEkxDDMbabODiNntZC4v+bQiMlB7UG
LxF8UCX8gSgVHeyQPNx6NAnpmft+JZPts90wQBuRfarSz//oyhKRFYgGZ79D4cUP
CqHZ6ZqmxwtZlujSULN8ePpcp5aMHp9pglHawgVmb340jlk2/jeFxkDNtTVXb6Ox
0/NJeZN4P99uGNviiS83lI2VDZqSdW5Wx6vVsRRHpNpIQB5xoOktCQDQsMBTXlwQ
aAaNQKUTh8bwvMLD6bXKsHBGA0hYEL9pSu8BhABcJzty+97LlkOFLijByeLu5b1y
qzmd4Mo+l2t5vdeSiHeAFVR66scwPoMaiUpYbts6NtKWh8i2WjkpqIuLIgTJUzRr
luhdsJZnvQkdCweCOVg5Aaittqh/UgRGQZ1RhsjOY2tDMpNcs5dmKzjkdC5nXQTo
PUadahgVLW3zRIxVcwIDAQABo04wTDArBgNVHREEJDAigiB0ZXN0LWVkdXNpZ24u
ZWQtaW50ZWdyYXRpb25zLmNvbTAdBgNVHQ4EFgQUg/YnxJdS6cW0SM9h85PTNfAp
3pQwDQYJKoZIhvcNAQELBQADggGBAMykG0VJmjHQu/kp3kWFEHJDJfRiuWqAfm8k
i8skRKDr2Bng93g5LD5P6YTp6S3HCGYo4sh3LCjlzrcjUAetOnKS4clzdMGwT3et
ijCfrNrLkfA0GtkbjDmVI4gZFwnDZ7ABRmvM9ncc9UM4suTbl/VKHbRNQuUnhvnK
LGxLgwhFbDmTAGtf7LGiOjo4QpdP1ujMRWv+l+cjipr5X6gqteH1Uj0wP2tcyL1f
Tdv5I+YEGafA76R6e2iNP0ify+NkaJ9mnhUJXKXbHRvarV5fp9Nzoo47npgUegFo
ihd3vAEmAtmfGKXsVkWE1AtRlPbwrCJSAeadGTa66H0omDB14M6vEQs7L9jbgw03
S3mV8N25rwbce1luo6MUnPJpDc6iOnadnBeQ2LIXbhNj3Z6E1exadzNX9BUTxr68
8rY8wHtadr+9xh/5mNnFuDKdn9ZciDjP9b3OjQH0fG/iJhZWF2DgZlSaCzR5qLAA
YJIFVUg+VwfF8XvjH0WKszSmYywVYg==</ds:X509Certificate>
        </ds:X509Data>
      </ds:KeyInfo>
    </md:KeyDescriptor>
    <md:KeyDescriptor use="encryption">
      <ds:KeyInfo>
        <ds:KeyName>test-edusign.ed-integrations.com</ds:KeyName>
        <ds:X509Data>
          <ds:X509SubjectName>CN=test-edusign.ed-integrations.com</ds:X509SubjectName>
          <ds:X509Certificate>MIIEMjCCApqgAwIBAgIULYfaz0a2vQPUNhHOpqJiw+XMn6owDQYJKoZIhvcNAQEL
BQAwKzEpMCcGA1UEAxMgdGVzdC1lZHVzaWduLmVkLWludGVncmF0aW9ucy5jb20w
HhcNMjEwNjE4MDkyMzM0WhcNMzEwNjE2MDkyMzM0WjArMSkwJwYDVQQDEyB0ZXN0
LWVkdXNpZ24uZWQtaW50ZWdyYXRpb25zLmNvbTCCAaIwDQYJKoZIhvcNAQEBBQAD
ggGPADCCAYoCggGBAOcHd/seqF7Ki8bqzJSahdUETdIacXidbu9PA6kEUJ4d1IDt
3jJCzmW8x0+T7n1RA5a2JAmbn9HOPoi3HgKEkxDDMbabODiNntZC4v+bQiMlB7UG
LxF8UCX8gSgVHeyQPNx6NAnpmft+JZPts90wQBuRfarSz//oyhKRFYgGZ79D4cUP
CqHZ6ZqmxwtZlujSULN8ePpcp5aMHp9pglHawgVmb340jlk2/jeFxkDNtTVXb6Ox
0/NJeZN4P99uGNviiS83lI2VDZqSdW5Wx6vVsRRHpNpIQB5xoOktCQDQsMBTXlwQ
aAaNQKUTh8bwvMLD6bXKsHBGA0hYEL9pSu8BhABcJzty+97LlkOFLijByeLu5b1y
qzmd4Mo+l2t5vdeSiHeAFVR66scwPoMaiUpYbts6NtKWh8i2WjkpqIuLIgTJUzRr
luhdsJZnvQkdCweCOVg5Aaittqh/UgRGQZ1RhsjOY2tDMpNcs5dmKzjkdC5nXQTo
PUadahgVLW3zRIxVcwIDAQABo04wTDArBgNVHREEJDAigiB0ZXN0LWVkdXNpZ24u
ZWQtaW50ZWdyYXRpb25zLmNvbTAdBgNVHQ4EFgQUg/YnxJdS6cW0SM9h85PTNfAp
3pQwDQYJKoZIhvcNAQELBQADggGBAMykG0VJmjHQu/kp3kWFEHJDJfRiuWqAfm8k
i8skRKDr2Bng93g5LD5P6YTp6S3HCGYo4sh3LCjlzrcjUAetOnKS4clzdMGwT3et
ijCfrNrLkfA0GtkbjDmVI4gZFwnDZ7ABRmvM9ncc9UM4suTbl/VKHbRNQuUnhvnK
LGxLgwhFbDmTAGtf7LGiOjo4QpdP1ujMRWv+l+cjipr5X6gqteH1Uj0wP2tcyL1f
Tdv5I+YEGafA76R6e2iNP0ify+NkaJ9mnhUJXKXbHRvarV5fp9Nzoo47npgUegFo
ihd3vAEmAtmfGKXsVkWE1AtRlPbwrCJSAeadGTa66H0omDB14M6vEQs7L9jbgw03
S3mV8N25rwbce1luo6MUnPJpDc6iOnadnBeQ2LIXbhNj3Z6E1exadzNX9BUTxr68
8rY8wHtadr+9xh/5mNnFuDKdn9ZciDjP9b3OjQH0fG/iJhZWF2DgZlSaCzR5qLAA
YJIFVUg+VwfF8XvjH0WKszSmYywVYg==</ds:X509Certificate>
        </ds:X509Data>
      </ds:KeyInfo>
      <md:EncryptionMethod Algorithm="http://www.w3.org/2009/xmlenc11#aes128-gcm"/>
      <md:EncryptionMethod Algorithm="http://www.w3.org/2009/xmlenc11#aes192-gcm"/>
      <md:EncryptionMethod Algorithm="http://www.w3.org/2009/xmlenc11#aes256-gcm"/>
      <md:EncryptionMethod Algorithm="http://www.w3.org/2001/04/xmlenc#aes128-cbc"/>
      <md:EncryptionMethod Algorithm="http://www.w3.org/2001/04/xmlenc#aes192-cbc"/>
      <md:EncryptionMethod Algorithm="http://www.w3.org/2001/04/xmlenc#aes256-cbc"/>
      <md:EncryptionMethod Algorithm="http://www.w3.org/2001/04/xmlenc#tripledes-cbc"/>
      <md:EncryptionMethod Algorithm="http://www.w3.org/2009/xmlenc11#rsa-oaep"/>
      <md:EncryptionMethod Algorithm="http://www.w3.org/2001/04/xmlenc#rsa-oaep-mgf1p"/>
    </md:KeyDescriptor>
    <md:ArtifactResolutionService Binding="urn:oasis:names:tc:SAML:2.0:bindings:SOAP" Location="https://test-edusign.ed-integrations.com/Shibboleth.sso/Artifact/SOAP" index="1"/>
    <md:SingleLogoutService Binding="urn:oasis:names:tc:SAML:2.0:bindings:SOAP" Location="https://test-edusign.ed-integrations.com/Shibboleth.sso/SLO/SOAP"/>
    <md:SingleLogoutService Binding="urn:oasis:names:tc:SAML:2.0:bindings:HTTP-Redirect" Location="https://test-edusign.ed-integrations.com/Shibboleth.sso/SLO/Redirect"/>
    <md:SingleLogoutService Binding="urn:oasis:names:tc:SAML:2.0:bindings:HTTP-POST" Location="https://test-edusign.ed-integrations.com/Shibboleth.sso/SLO/POST"/>
    <md:SingleLogoutService Binding="urn:oasis:names:tc:SAML:2.0:bindings:HTTP-Artifact" Location="https://test-edusign.ed-integrations.com/Shibboleth.sso/SLO/Artifact"/>
    <md:AssertionConsumerService Binding="urn:oasis:names:tc:SAML:2.0:bindings:HTTP-POST" Location="https://test-edusign.ed-integrations.com/Shibboleth.sso/SAML2/POST" index="1"/>
    <md:AssertionConsumerService Binding="urn:oasis:names:tc:SAML:2.0:bindings:HTTP-Artifact" Location="https://test-edusign.ed-integrations.com/Shibboleth.sso/SAML2/Artifact" index="3"/>
    <md:AssertionConsumerService Binding="urn:oasis:names:tc:SAML:2.0:bindings:PAOS" Location="https://test-edusign.ed-integrations.com/Shibboleth.sso/SAML2/ECP" index="4"/>
  </md:SPSSODescriptor>
  <md:Organization>
    <md:OrganizationName xml:lang="en">Emergya</md:OrganizationName>
    <md:OrganizationName xml:lang="sv">Emergya</md:OrganizationName>
    <md:OrganizationDisplayName xml:lang="en">Emergya</md:OrganizationDisplayName>
    <md:OrganizationDisplayName xml:lang="sv">Emergya</md:OrganizationDisplayName>
    <md:OrganizationURL xml:lang="en">https://www.emergya.com</md:OrganizationURL>
    <md:OrganizationURL xml:lang="sv">https://www.emergya.com</md:OrganizationURL>
  </md:Organization>
  <md:ContactPerson contactType="technical">
    <md:GivenName>Enrique</md:GivenName>
    <md:EmailAddress>mailto:eperez@emergya.com</md:EmailAddress>
  </md:ContactPerson>
  <md:ContactPerson contactType="administrative">
    <md:GivenName>Enrique</md:GivenName>
    <md:EmailAddress>mailto:eperez@emergya.com</md:EmailAddress>
  </md:ContactPerson>
  <md:ContactPerson contactType="support">
    <md:GivenName>Enrique</md:GivenName>
    <md:EmailAddress>mailto:eperez@emergya.com</md:EmailAddress>
  </md:ContactPerson>
  <md:ContactPerson contactType="other" remd:contactType="http://refeds.org/metadata/contactType/security">
    <md:GivenName>Enrique</md:GivenName>
    <md:EmailAddress>mailto:eperez@emergya.com</md:EmailAddress>
  </md:ContactPerson>
</md:EntityDescriptor>
